<?xml version="1.0" encoding="UTF-8"?>
<!-- Generated by org.testng.reporters.JUnitXMLReporter -->
<testsuite hostname="LAPTOP-4RAGM6OB" failures="0" tests="3" name="Command line test" time="33.434" errors="0" timestamp="8 Dec 2023 19:34:56 GMT">
  <testcase classname="variuosConcepts.CrmTest" name="testAlertLoginPage" time="0.361"/>
  <testcase classname="variuosConcepts.CrmTest" name="loginTest5" time="8.903"/>
  <testcase classname="variuosConcepts.TestNgHomeWork" name="addCustomer2" time="12.564"/>
</testsuite> <!-- Command line test -->
