<?xml version="1.0" encoding="UTF-8"?>
<testng-results total="3" passed="3" failed="0" skipped="0">
  <reporter-output>
  </reporter-output>
  <suite started-at="2023-12-08T19:34:22Z" name="Command line suite" finished-at="2023-12-08T19:34:56Z" duration-ms="33434">
    <groups>
    </groups>
    <test started-at="2023-12-08T19:34:22Z" name="Command line test" finished-at="2023-12-08T19:34:56Z" duration-ms="33434">
      <class name="variuosConcepts.TestNgHomeWork">
        <test-method is-config="true" signature="readConfig()[pri:0, instance:variuosConcepts.TestNgHomeWork@56528192]" started-at="2023-12-08T13:34:40Z" name="readConfig" finished-at="2023-12-08T13:34:40Z" duration-ms="0" status="PASS">
          <reporter-output>
          </reporter-output>
        </test-method> <!-- readConfig -->
        <test-method is-config="true" signature="setup()[pri:0, instance:variuosConcepts.TestNgHomeWork@56528192]" started-at="2023-12-08T13:34:40Z" name="setup" finished-at="2023-12-08T13:34:43Z" duration-ms="3302" status="PASS">
          <reporter-output>
          </reporter-output>
        </test-method> <!-- setup -->
        <test-method signature="addCustomer2()[pri:3, instance:variuosConcepts.TestNgHomeWork@56528192]" started-at="2023-12-08T13:34:43Z" name="addCustomer2" finished-at="2023-12-08T13:34:56Z" duration-ms="12564" status="PASS">
          <reporter-output>
          </reporter-output>
        </test-method> <!-- addCustomer2 -->
      </class> <!-- variuosConcepts.TestNgHomeWork -->
      <class name="variuosConcepts.CrmTest">
        <test-method is-config="true" signature="readConfig()[pri:0, instance:variuosConcepts.CrmTest@49c386c8]" started-at="2023-12-08T13:34:22Z" name="readConfig" finished-at="2023-12-08T13:34:22Z" duration-ms="15" status="PASS">
          <reporter-output>
          </reporter-output>
        </test-method> <!-- readConfig -->
        <test-method is-config="true" signature="setup()[pri:0, instance:variuosConcepts.CrmTest@49c386c8]" started-at="2023-12-08T13:34:22Z" name="setup" finished-at="2023-12-08T13:34:26Z" duration-ms="4089" status="PASS">
          <reporter-output>
          </reporter-output>
        </test-method> <!-- setup -->
        <test-method signature="testAlertLoginPage()[pri:1, instance:variuosConcepts.CrmTest@49c386c8]" started-at="2023-12-08T13:34:26Z" name="testAlertLoginPage" finished-at="2023-12-08T13:34:27Z" duration-ms="361" status="PASS">
          <reporter-output>
          </reporter-output>
        </test-method> <!-- testAlertLoginPage -->
        <test-method is-config="true" signature="tearDown()[pri:0, instance:variuosConcepts.CrmTest@49c386c8]" started-at="2023-12-08T13:34:27Z" name="tearDown" finished-at="2023-12-08T13:34:27Z" duration-ms="284" status="PASS">
          <reporter-output>
          </reporter-output>
        </test-method> <!-- tearDown -->
        <test-method is-config="true" signature="setup()[pri:0, instance:variuosConcepts.CrmTest@49c386c8]" started-at="2023-12-08T13:34:27Z" name="setup" finished-at="2023-12-08T13:34:31Z" duration-ms="3619" status="PASS">
          <reporter-output>
          </reporter-output>
        </test-method> <!-- setup -->
        <test-method signature="loginTest5()[pri:2, instance:variuosConcepts.CrmTest@49c386c8]" started-at="2023-12-08T13:34:31Z" name="loginTest5" finished-at="2023-12-08T13:34:39Z" duration-ms="8903" status="PASS">
          <reporter-output>
          </reporter-output>
        </test-method> <!-- loginTest5 -->
        <test-method is-config="true" signature="tearDown()[pri:0, instance:variuosConcepts.CrmTest@49c386c8]" started-at="2023-12-08T13:34:39Z" name="tearDown" finished-at="2023-12-08T13:34:40Z" duration-ms="297" status="PASS">
          <reporter-output>
          </reporter-output>
        </test-method> <!-- tearDown -->
      </class> <!-- variuosConcepts.CrmTest -->
    </test> <!-- Command line test -->
  </suite> <!-- Command line suite -->
</testng-results>
