<?xml version="1.0" encoding="UTF-8"?>
<testng-results total="2" passed="2" failed="0" skipped="0">
  <reporter-output>
  </reporter-output>
  <suite started-at="2024-01-17T03:10:37Z" name="Default suite" finished-at="2024-01-17T03:10:59Z" duration-ms="22075">
    <groups>
    </groups>
    <test started-at="2024-01-17T03:10:37Z" name="Default test" finished-at="2024-01-17T03:10:59Z" duration-ms="22075">
      <class name="variuosConcepts.CrmTest">
        <test-method is-config="true" signature="readConfig()[pri:0, instance:variuosConcepts.CrmTest@30bce90b]" started-at="2024-01-16T21:10:37Z" name="readConfig" finished-at="2024-01-16T21:10:37Z" duration-ms="47" status="PASS">
          <reporter-output>
          </reporter-output>
        </test-method> <!-- readConfig -->
        <test-method is-config="true" signature="setup()[pri:0, instance:variuosConcepts.CrmTest@30bce90b]" started-at="2024-01-16T21:10:37Z" name="setup" finished-at="2024-01-16T21:10:45Z" duration-ms="8758" status="PASS">
          <reporter-output>
          </reporter-output>
        </test-method> <!-- setup -->
        <test-method signature="testAlertLoginPage()[pri:1, instance:variuosConcepts.CrmTest@30bce90b]" started-at="2024-01-16T21:10:45Z" name="testAlertLoginPage" finished-at="2024-01-16T21:10:46Z" duration-ms="489" status="PASS">
          <reporter-output>
          </reporter-output>
        </test-method> <!-- testAlertLoginPage -->
        <test-method is-config="true" signature="setup()[pri:0, instance:variuosConcepts.CrmTest@30bce90b]" started-at="2024-01-16T21:10:46Z" name="setup" finished-at="2024-01-16T21:10:49Z" duration-ms="3507" status="PASS">
          <reporter-output>
          </reporter-output>
        </test-method> <!-- setup -->
        <test-method signature="loginTest5()[pri:2, instance:variuosConcepts.CrmTest@30bce90b]" started-at="2024-01-16T21:10:49Z" name="loginTest5" finished-at="2024-01-16T21:10:59Z" duration-ms="9259" status="PASS">
          <reporter-output>
          </reporter-output>
        </test-method> <!-- loginTest5 -->
      </class> <!-- variuosConcepts.CrmTest -->
    </test> <!-- Default test -->
  </suite> <!-- Default suite -->
</testng-results>
